<?xml version="1.0" encoding="UTF-8"?>
<testng-results total="15" passed="15" failed="0" skipped="0">
  <reporter-output>
  </reporter-output>
  <suite started-at="2020-11-12T19:04:24Z" name="Group of group Suite" finished-at="2020-11-12T19:05:07Z" duration-ms="42512">
    <groups>
    </groups>
    <test started-at="2020-11-12T19:04:24Z" name="Group of group Test" finished-at="2020-11-12T19:05:07Z" duration-ms="42512">
      <class name="com.heroku.home.HomePge">
        <test-method is-config="true" signature="Before()[pri:0, instance:com.heroku.home.HomePge@72cde7cc]" started-at="2020-11-12T19:04:24Z" name="Before" finished-at="2020-11-12T19:04:35Z" duration-ms="11097" status="PASS">
        </test-method>
        <test-method signature="test01_home_Page_Load()[pri:0, instance:com.heroku.home.HomePge@72cde7cc]" started-at="2020-11-12T19:04:35Z" name="test01_home_Page_Load" finished-at="2020-11-12T19:04:35Z" duration-ms="67" status="PASS">
        </test-method>
        <test-method signature="test02_handle_Autocomplete()[pri:0, instance:com.heroku.home.HomePge@72cde7cc]" started-at="2020-11-12T19:04:35Z" name="test02_handle_Autocomplete" finished-at="2020-11-12T19:04:36Z" duration-ms="1190" status="PASS">
        </test-method>
        <test-method signature="test03_button_click()[pri:0, instance:com.heroku.home.HomePge@72cde7cc]" started-at="2020-11-12T19:04:36Z" name="test03_button_click" finished-at="2020-11-12T19:04:40Z" duration-ms="3148" status="PASS">
        </test-method>
        <test-method signature="test05_Datepicker()[pri:0, instance:com.heroku.home.HomePge@72cde7cc]" started-at="2020-11-12T19:04:40Z" name="test05_Datepicker" finished-at="2020-11-12T19:04:42Z" duration-ms="2140" status="PASS">
        </test-method>
        <test-method signature="test06_checkBoxes()[pri:0, instance:com.heroku.home.HomePge@72cde7cc]" started-at="2020-11-12T19:04:42Z" name="test06_checkBoxes" finished-at="2020-11-12T19:04:44Z" duration-ms="2170" status="PASS">
        </test-method>
        <test-method signature="test07_click_Data_Picker()[pri:0, instance:com.heroku.home.HomePge@72cde7cc]" started-at="2020-11-12T19:04:44Z" name="test07_click_Data_Picker" finished-at="2020-11-12T19:04:46Z" duration-ms="2137" status="PASS">
        </test-method>
        <test-method signature="test08_click_Drag_and_Drop()[pri:0, instance:com.heroku.home.HomePge@72cde7cc]" started-at="2020-11-12T19:04:46Z" name="test08_click_Drag_and_Drop" finished-at="2020-11-12T19:04:48Z" duration-ms="2128" status="PASS">
        </test-method>
        <test-method signature="test09_Enabled_and_disabled_elements()[pri:0, instance:com.heroku.home.HomePge@72cde7cc]" started-at="2020-11-12T19:04:48Z" name="test09_Enabled_and_disabled_elements" finished-at="2020-11-12T19:04:50Z" duration-ms="2137" status="PASS">
        </test-method>
        <test-method signature="test10_File_Upload()[pri:0, instance:com.heroku.home.HomePge@72cde7cc]" started-at="2020-11-12T19:04:50Z" name="test10_File_Upload" finished-at="2020-11-12T19:04:52Z" duration-ms="2131" status="PASS">
        </test-method>
        <test-method signature="test11_Key_and_Mouse_Press()[pri:0, instance:com.heroku.home.HomePge@72cde7cc]" started-at="2020-11-12T19:04:52Z" name="test11_Key_and_Mouse_Press" finished-at="2020-11-12T19:04:55Z" duration-ms="2132" status="PASS">
        </test-method>
        <test-method signature="test12_Modal()[pri:0, instance:com.heroku.home.HomePge@72cde7cc]" started-at="2020-11-12T19:04:55Z" name="test12_Modal" finished-at="2020-11-12T19:04:57Z" duration-ms="2154" status="PASS">
        </test-method>
        <test-method signature="test13_Page_Scroll()[pri:0, instance:com.heroku.home.HomePge@72cde7cc]" started-at="2020-11-12T19:04:57Z" name="test13_Page_Scroll" finished-at="2020-11-12T19:04:59Z" duration-ms="2134" status="PASS">
        </test-method>
        <test-method signature="test14_Radio_Button()[pri:0, instance:com.heroku.home.HomePge@72cde7cc]" started-at="2020-11-12T19:04:59Z" name="test14_Radio_Button" finished-at="2020-11-12T19:05:01Z" duration-ms="2140" status="PASS">
        </test-method>
        <test-method signature="test15_Switch_Window()[pri:0, instance:com.heroku.home.HomePge@72cde7cc]" started-at="2020-11-12T19:05:01Z" name="test15_Switch_Window" finished-at="2020-11-12T19:05:03Z" duration-ms="2142" status="PASS">
        </test-method>
        <test-method signature="test16_Complete_Web_Form()[pri:0, instance:com.heroku.home.HomePge@72cde7cc]" started-at="2020-11-12T19:05:03Z" name="test16_Complete_Web_Form" finished-at="2020-11-12T19:05:05Z" duration-ms="2142" status="PASS">
        </test-method>
        <test-method is-config="true" signature="tearDown()[pri:0, instance:com.heroku.home.HomePge@72cde7cc]" started-at="2020-11-12T19:05:05Z" name="tearDown" finished-at="2020-11-12T19:05:07Z" duration-ms="1305" status="PASS">
        </test-method>
      </class>
    </test>
  </suite>
</testng-results>
