<?xml version="1.0" encoding="UTF-8"?>
<testsuite xmlns:xsi="http://www.w3.org/2001/XMLSchema-instance" xsi:noNamespaceSchemaLocation="https://maven.apache.org/surefire/maven-failsafe-plugin/xsd/failsafe-test-report.xsd" name="TestSuite" time="44.393" tests="15" errors="0" skipped="0" failures="0">
  <properties>
[...]
</properties>
  <testcase name="test01_home_Page_Load" classname="com.heroku.home.HomePge" time="0.068"/>
  <testcase name="test02_handle_Autocomplete" classname="com.heroku.home.HomePge" time="1.189"/>
  <testcase name="test03_button_click" classname="com.heroku.home.HomePge" time="3.148"/>
  <testcase name="test05_Datepicker" classname="com.heroku.home.HomePge" time="2.14"/>
  <testcase name="test06_checkBoxes" classname="com.heroku.home.HomePge" time="2.171"/>
  <testcase name="test07_click_Data_Picker" classname="com.heroku.home.HomePge" time="2.137"/>
  <testcase name="test08_click_Drag_and_Drop" classname="com.heroku.home.HomePge" time="2.129"/>
  <testcase name="test09_Enabled_and_disabled_elements" classname="com.heroku.home.HomePge" time="2.138"/>
  <testcase name="test10_File_Upload" classname="com.heroku.home.HomePge" time="2.131"/>
  <testcase name="test11_Key_and_Mouse_Press" classname="com.heroku.home.HomePge" time="2.132"/>
  <testcase name="test12_Modal" classname="com.heroku.home.HomePge" time="2.154"/>
  <testcase name="test13_Page_Scroll" classname="com.heroku.home.HomePge" time="2.134"/>
  <testcase name="test14_Radio_Button" classname="com.heroku.home.HomePge" time="2.141"/>
  <testcase name="test15_Switch_Window" classname="com.heroku.home.HomePge" time="2.141"/>
  <testcase name="test16_Complete_Web_Form" classname="com.heroku.home.HomePge" time="2.142"/>
</testsuite>